This is pdfTeX, Version 3.1415926-2.3-1.40.12 (TeX Live 2011) (format=pdflatex 2011.7.3)  12 NOV 2011 20:01
entering extended mode
 \write18 enabled.
 file:line:error style messages enabled.
 %&-line parsing enabled.
**Book.tex
(./Book.tex
LaTeX2e <2009/09/24>
Babel <v3.8l> and hyphenation patterns for english, dumylang, nohyphenation, ge
rman-x-2009-06-19, ngerman-x-2009-06-19, afrikaans, ancientgreek, ibycus, arabi
c, armenian, basque, bulgarian, catalan, pinyin, coptic, croatian, czech, danis
h, dutch, ukenglish, usenglishmax, esperanto, estonian, ethiopic, farsi, finnis
h, french, galician, german, ngerman, swissgerman, monogreek, greek, hungarian,
 icelandic, assamese, bengali, gujarati, hindi, kannada, malayalam, marathi, or
iya, panjabi, tamil, telugu, indonesian, interlingua, irish, italian, kurmanji,
 lao, latin, latvian, lithuanian, mongolian, mongolianlmc, bokmal, nynorsk, pol
ish, portuguese, romanian, russian, sanskrit, serbian, serbianc, slovak, sloven
ian, spanish, swedish, turkish, turkmen, ukrainian, uppersorbian, welsh, loaded
.
(/usr/local/texlive/2011/texmf-dist/tex/latex/memoir/memoir.cls
Document Class: memoir 2011/03/06 v3.6j configurable book, report, article docu
ment class
\onelineskip=\skip41
\lxvchars=\skip42
\xlvchars=\skip43
\@memcnta=\count79
\c@@memmarkcntra=\count80
(/usr/local/texlive/2011/texmf-dist/tex/generic/oberdiek/ifpdf.sty
Package: ifpdf 2011/01/30 v2.3 Provides the ifpdf switch (HO)
Package ifpdf Info: pdfTeX in PDF mode is detected.
)
Class memoir Info: An `ifetex' package is being emulated on input line 251.

(/usr/local/texlive/2011/texmf-dist/tex/generic/ifxetex/ifxetex.sty
Package: ifxetex 2010/09/12 v0.6 Provides ifxetex conditional
)
(/usr/local/texlive/2011/texmf-dist/tex/generic/oberdiek/ifluatex.sty
Package: ifluatex 2010/03/01 v1.3 Provides the ifluatex switch (HO)
Package ifluatex Info: LuaTeX not detected.
)
\stockheight=\skip44
\stockwidth=\skip45
\trimtop=\skip46
\trimedge=\skip47

(/usr/local/texlive/2011/texmf-dist/tex/latex/etex-pkg/etex.sty
Package: etex 1998/03/26 v2.0 eTeX basic definition package (PEB)
\et@xins=\count81
)
(/usr/local/texlive/2011/texmf-dist/tex/latex/memoir/mem10.clo
File: mem10.clo 2008/01/30 v0.3 memoir class 10pt size option
)
\binding=\skip48
\spinemargin=\skip49
\foremargin=\skip50
\uppermargin=\skip51
\lowermargin=\skip52
\headdrop=\skip53
\normalrulethickness=\skip54
\mem@maxheadheight=\skip55
\mem@maxfootheight=\skip56
\headwidth=\skip57
\c@storedpagenumber=\count82
\memPD=\dimen102
\m@mabparskip=\skip58
\thanksmarkwidth=\skip59
\thanksmarksep=\skip60
\droptitle=\skip61
\c@book=\count83
\c@part=\count84
\c@chapter=\count85
\c@section=\count86
\c@subsection=\count87
\c@subsubsection=\count88
\c@paragraph=\count89
\c@subparagraph=\count90
\beforechapskip=\skip62
\midchapskip=\skip63
\afterchapskip=\skip64
\chapindent=\skip65
\bottomsectionskip=\skip66
\secindent=\skip67
\beforesecskip=\skip68
\aftersecskip=\skip69
\subsecindent=\skip70
\beforesubsecskip=\skip71
\aftersubsecskip=\skip72
\subsubsecindent=\skip73
\beforesubsubsecskip=\skip74
\aftersubsubsecskip=\skip75
\paraindent=\skip76
\beforeparaskip=\skip77
\afterparaskip=\skip78
\subparaindent=\skip79
\beforesubparaskip=\skip80
\aftersubparaskip=\skip81
\pfbreakskip=\skip82
\c@@ppsavesec=\count91
\c@@ppsaveapp=\count92
\ragrparindent=\dimen103
\everylistparindent=\dimen104
\parsepi=\skip83
\topsepi=\skip84
\itemsepi=\skip85
\parsepii=\skip86
\topsepii=\skip87
\topsepiii=\skip88
\itemsepii=\skip89
\itemsepiii=\skip90
\partopsepii=\skip91
\partopsepiii=\skip92
\m@msavetopsep=\skip93
\m@msavepartopsep=\skip94
\@enLab=\toks14
\abstitleskip=\skip95
\absleftindent=\skip96
\abs@leftindent=\dimen105
\absrightindent=\skip97
\absparindent=\skip98
\absparsep=\skip99
\c@vslineno=\count93
\c@poemline=\count94
\c@modulo@vs=\count95
\c@memfvsline=\count96
\vleftskip=\skip100
\vrightskip=\skip101
\stanzaskip=\skip102
\versewidth=\skip103
\vgap=\skip104
\vindent=\skip105
\vleftmargin=\dimen106
\c@verse=\count97
\c@chrsinstr=\count98
\beforepoemtitleskip=\skip106
\afterpoemtitleskip=\skip107
\c@poem=\count99
\beforePoemTitleskip=\skip108
\midPoemTitleskip=\skip109
\afterPoemTitleskip=\skip110
\col@sep=\dimen107
\extrarowheight=\dimen108
\NC@list=\toks15
\extratabsurround=\skip111
\backup@length=\skip112
\TX@col@width=\dimen109
\TX@old@table=\dimen110
\TX@old@col=\dimen111
\TX@target=\dimen112
\TX@delta=\dimen113
\TX@cols=\count100
\TX@ftn=\toks16
\heavyrulewidth=\dimen114
\lightrulewidth=\dimen115
\cmidrulewidth=\dimen116
\belowrulesep=\dimen117
\belowbottomsep=\dimen118
\aboverulesep=\dimen119
\abovetopsep=\dimen120
\cmidrulesep=\dimen121
\cmidrulekern=\dimen122
\defaultaddspace=\dimen123
\@cmidla=\count101
\@cmidlb=\count102
\@aboverulesep=\dimen124
\@belowrulesep=\dimen125
\@thisruleclass=\count103
\@lastruleclass=\count104
\@thisrulewidth=\dimen126
\ctableftskip=\skip113
\ctabrightskip=\skip114
\abovecolumnspenalty=\count105
\@linestogo=\count106
\@cellstogo=\count107
\@cellsincolumn=\count108
\crtok=\toks17
\@mincolumnwidth=\dimen127
\c@newflo@tctr=\count109
\mem@margin@floatbox=\box26
\@contcwidth=\skip115
\@contindw=\skip116
\abovecaptionskip=\skip117
\belowcaptionskip=\skip118
\subfloattopskip=\skip119
\subfloatcapskip=\skip120
\subfloatcaptopadj=\skip121
\subfloatbottomskip=\skip122
\subfloatlabelskip=\skip123
\subfloatcapmargin=\dimen128
\c@@contsubnum=\count110
\m@mscap@capbox=\box27
\m@mscap@fbox=\box28
\sidecapsep=\dimen129
\sidecapwidth=\dimen130
\m@m@tempdima=\dimen131
\m@mscapraise=\dimen132
\sidecapraise=\dimen133
\m@mscapmainwidth=\dimen134
\m@mscaplkern=\dimen135
\beforeepigraphskip=\skip124
\afterepigraphskip=\skip125
\epigraphwidth=\skip126
\epigraphrule=\skip127
LaTeX Info: Redefining \em on input line 7377.
LaTeX Info: Redefining \emph on input line 7385.
\tocentryskip=\skip128
\tocbaseline=\skip129
\cftparskip=\skip130
\cftbeforebookskip=\skip131
\cftbookindent=\dimen136
\cftbooknumwidth=\dimen137
\cftbeforepartskip=\skip132
\cftpartindent=\skip133
\cftpartnumwidth=\skip134
\cftbeforechapterskip=\skip135
\cftchapterindent=\skip136
\cftchapternumwidth=\skip137
\cftbeforesectionskip=\skip138
\cftsectionindent=\skip139
\cftsectionnumwidth=\skip140
\cftbeforesubsectionskip=\skip141
\cftsubsectionindent=\skip142
\cftsubsectionnumwidth=\skip143
\cftbeforesubsubsectionskip=\skip144
\cftsubsubsectionindent=\skip145
\cftsubsubsectionnumwidth=\skip146
\cftbeforeparagraphskip=\skip147
\cftparagraphindent=\skip148
\cftparagraphnumwidth=\skip149
\cftbeforesubparagraphskip=\skip150
\cftsubparagraphindent=\skip151
\cftsubparagraphnumwidth=\skip152
\prechapterprecisshift=\dimen138
\c@maxsecnumdepth=\count111
\bibindent=\dimen139
\bibitemsep=\skip153
\indexcolsep=\skip154
\indexrule=\skip155
\indexmarkstyle=\toks18
\@indexbox=\insert233
\glossarycolsep=\dimen140
\glossaryrule=\dimen141
\sideparvshift=\skip156
\sideins=\insert232
\sidebartopsep=\skip157
\sidebarhsep=\skip158
\sidebarvsep=\skip159
\sidebarwidth=\skip160
\footmarkwidth=\skip161
\footmarksep=\skip162
\footparindent=\skip163
\footinsdim=\skip164
\footinsv@r=\insert231
\@mpfootinsv@r=\insert230
\m@m@k=\count112
\m@m@h=\dimen142
\m@mipn@skip=\skip165
\sidefootins=\insert229
\sidefootadjust=\skip166
\sidefootheight=\skip167
\sidefoothsep=\skip168
\sidefootvsep=\skip169
\sidefootwidth=\skip170
\m@mdownsf=\skip171
\c@sidefootnote=\count113
\sidefootmarkwidth=\skip172
\sidefootmarksep=\skip173
\sidefootparindent=\skip174
\c@pagenote=\count114
\c@pagenoteshadow=\count115
\mem@pn@lastkern=\skip175
\every@verbatim=\toks19
\afterevery@verbatim=\toks20
\verbatim@line=\toks21
\tab@position=\count116
\verbatim@in@stream=\read1
\verbatimindent=\skip176
\verbatim@out=\write3
\bvboxsep=\skip177
\c@memfbvline=\count117
\c@bvlinectr=\count118
\bvnumlength=\skip178
\fb@frw=\dimen143
\fb@frh=\dimen144
\FrameRule=\dimen145
\FrameSep=\dimen146
\c@cp@cntr=\count119
LaTeX Info: Redefining \: on input line 11807.
LaTeX Info: Redefining \! on input line 11809.
\c@ism@mctr=\count120
\c@xsm@mctr=\count121
\c@csm@mctr=\count122
\c@ksm@mctr=\count123
\c@xksm@mctr=\count124
\c@cksm@mctr=\count125
\c@msm@mctr=\count126
\c@xmsm@mctr=\count127
\c@cmsm@mctr=\count128
\c@bsm@mctr=\count129
\c@workm@mctr=\count130
\c@sheetsequence=\count131
\c@lastsheet=\count132
\c@lastpage=\count133
\c@figure=\count134
\c@lofdepth=\count135
\cftbeforefigureskip=\skip179
\cftfigureindent=\skip180
\cftfigurenumwidth=\skip181
\c@table=\count136
\c@lotdepth=\count137
\cftbeforetableskip=\skip182
\cfttableindent=\skip183
\cfttablenumwidth=\skip184
Package abstract [2008/07/23] emulated by memoir.
Package appendix [2008/07/23] emulated by memoir.
Package array [2008/07/23] emulated by memoir.
Package booktabs [2008/07/23] emulated by memoir.
Package ccaption [2008/07/23] emulated by memoir.
Package changepage [2008/07/23] emulated by memoir.
Package chngcntr [2008/07/23] emulated by memoir.
Package chngpage [2008/07/23] emulated by memoir.
Package crop emulated by memoir.
Package dcolumn [2008/07/23] emulated by memoir.
Package delarray [2008/07/23] emulated by memoir.
Package enumerate [2008/07/23] emulated by memoir.
Package epigraph [2008/07/23] emulated by memoir.
Package ifmtarg [2008/07/23] emulated by memoir.
Package ifetex [2008/07/23] emulated by memoir.
Package index [2008/07/23] emulated by memoir.
Package makeidx [2008/07/23] emulated by memoir.
Package moreverb [2008/07/23] emulated by memoir.
Package mparhack [2008/07/23] emulated by memoir.
Package needspace [2008/07/23] emulated by memoir.
Package newfile [2008/07/23] emulated by memoir.
Package nextpage [2008/07/23] emulated by memoir.
Package pagenote [2008/07/23] emulated by memoir.
Package parskip [2008/07/23] emulated by memoir.
Package patchcmd [2008/07/23] emulated by memoir.
Package setspace [2008/07/23] emulated by memoir.
Package shortvrb [2008/07/23] emulated by memoir.
Package showidx [2008/07/23] emulated by memoir.
Package tabularx [2008/07/23] emulated by memoir.
Package titleref [2008/07/23] emulated by memoir.
Package titling [2008/07/23] emulated by memoir.
Package tocbibind [2008/07/23] emulated by memoir.
Package tocloft [2008/07/23] emulated by memoir.
Package tocvsec2 [2008/07/23] emulated by memoir.
Package verbatim [2008/07/23] emulated by memoir.
Package verse [2008/07/23] emulated by memoir.

(/usr/local/texlive/2011/texmf-dist/tex/latex/memoir/mempatch.sty
Package: mempatch 2009/07/24 v6.0f Patches for memoir class v1.6180339
))
(/usr/local/texlive/2011/texmf-dist/tex/latex/graphics/graphicx.sty
Package: graphicx 1999/02/16 v1.0f Enhanced LaTeX Graphics (DPC,SPQR)

(/usr/local/texlive/2011/texmf-dist/tex/latex/graphics/keyval.sty
Package: keyval 1999/03/16 v1.13 key=value parser (DPC)
\KV@toks@=\toks22
)
(/usr/local/texlive/2011/texmf-dist/tex/latex/graphics/graphics.sty
Package: graphics 2009/02/05 v1.0o Standard LaTeX Graphics (DPC,SPQR)

(/usr/local/texlive/2011/texmf-dist/tex/latex/graphics/trig.sty
Package: trig 1999/03/16 v1.09 sin cos tan (DPC)
)
(/usr/local/texlive/2011/texmf-dist/tex/latex/latexconfig/graphics.cfg
File: graphics.cfg 2010/04/23 v1.9 graphics configuration of TeX Live
)
Package graphics Info: Driver file: pdftex.def on input line 91.

(/usr/local/texlive/2011/texmf-dist/tex/latex/pdftex-def/pdftex.def
File: pdftex.def 2011/05/27 v0.06d Graphics/color for pdfTeX

(/usr/local/texlive/2011/texmf-dist/tex/generic/oberdiek/infwarerr.sty
Package: infwarerr 2010/04/08 v1.3 Providing info/warning/message (HO)
)
(/usr/local/texlive/2011/texmf-dist/tex/generic/oberdiek/ltxcmds.sty
Package: ltxcmds 2011/04/18 v1.20 LaTeX kernel commands for general use (HO)
)
\Gread@gobject=\count138
))
\Gin@req@height=\dimen147
\Gin@req@width=\dimen148
)
(./style.tex (/usr/local/texlive/2011/texmf-dist/tex/latex/base/fontenc.sty
Package: fontenc 2005/09/27 v1.99g Standard LaTeX package

(/usr/local/texlive/2011/texmf-dist/tex/latex/base/t1enc.def
File: t1enc.def 2005/09/27 v1.99g Standard LaTeX file
LaTeX Font Info:    Redeclaring font encoding T1 on input line 43.
))
(/usr/local/texlive/2011/texmf-dist/tex/latex/tex-gyre/tgschola.sty
Package: tgschola 2009/09/27 v1.2 TeX Gyre Schola as default roman family

(/usr/local/texlive/2011/texmf-dist/tex/latex/oberdiek/kvoptions.sty
Package: kvoptions 2010/12/23 v3.10 Keyval support for LaTeX options (HO)

(/usr/local/texlive/2011/texmf-dist/tex/generic/oberdiek/kvsetkeys.sty
Package: kvsetkeys 2011/04/07 v1.13 Key value parser (HO)

(/usr/local/texlive/2011/texmf-dist/tex/generic/oberdiek/etexcmds.sty
Package: etexcmds 2011/02/16 v1.5 Prefix for e-TeX command names (HO)
Package etexcmds Info: Could not find \expanded.
(etexcmds)             That can mean that you are not using pdfTeX 1.50 or
(etexcmds)             that some package has redefined \expanded.
(etexcmds)             In the latter case, load this package earlier.
)))))
(./Book.aux

LaTeX Warning: Label `' multiply defined.


LaTeX Warning: Label `' multiply defined.


LaTeX Warning: Label `' multiply defined.


LaTeX Warning: Label `' multiply defined.


LaTeX Warning: Label `' multiply defined.


LaTeX Warning: Label `' multiply defined.


LaTeX Warning: Label `' multiply defined.


LaTeX Warning: Label `' multiply defined.


LaTeX Warning: Label `' multiply defined.


LaTeX Warning: Label `' multiply defined.


LaTeX Warning: Label `' multiply defined.


LaTeX Warning: Label `' multiply defined.


LaTeX Warning: Label `' multiply defined.


LaTeX Warning: Label `' multiply defined.


LaTeX Warning: Label `' multiply defined.

)
\openout1 = `Book.aux'.

LaTeX Font Info:    Checking defaults for OML/cmm/m/it on input line 12.
LaTeX Font Info:    ... okay on input line 12.
LaTeX Font Info:    Checking defaults for T1/cmr/m/n on input line 12.
LaTeX Font Info:    ... okay on input line 12.
LaTeX Font Info:    Checking defaults for OT1/cmr/m/n on input line 12.
LaTeX Font Info:    ... okay on input line 12.
LaTeX Font Info:    Checking defaults for OMS/cmsy/m/n on input line 12.
LaTeX Font Info:    ... okay on input line 12.
LaTeX Font Info:    Checking defaults for OMX/cmex/m/n on input line 12.
LaTeX Font Info:    ... okay on input line 12.
LaTeX Font Info:    Checking defaults for U/cmr/m/n on input line 12.
LaTeX Font Info:    ... okay on input line 12.
LaTeX Font Info:    Try loading font information for T1+qcs on input line 12.
 (/usr/local/texlive/2011/texmf-dist/tex/latex/tex-gyre/t1qcs.fd
File: t1qcs.fd 2009/09/25 v1.2 font definition file for T1/qcs
)
(/usr/local/texlive/2011/texmf-dist/tex/context/base/supp-pdf.mkii
[Loading MPS to PDF converter (version 2006.09.02).]
\scratchcounter=\count139
\scratchdimen=\dimen149
\scratchbox=\box29
\nofMPsegments=\count140
\nofMParguments=\count141
\everyMPshowfont=\toks23
\MPscratchCnt=\count142
\MPscratchDim=\dimen150
\MPnumerator=\count143
\makeMPintoPDFobject=\count144
\everyMPtoPDFconversion=\toks24
) (/usr/local/texlive/2011/texmf-dist/tex/generic/oberdiek/pdftexcmds.sty
Package: pdftexcmds 2011/04/22 v0.16 Utilities of pdfTeX for LuaTeX (HO)
Package pdftexcmds Info: LuaTeX not detected.
Package pdftexcmds Info: \pdf@primitive is available.
Package pdftexcmds Info: \pdf@ifprimitive is available.
Package pdftexcmds Info: \pdfdraftmode found.
)
(/usr/local/texlive/2011/texmf-dist/tex/latex/oberdiek/epstopdf-base.sty
Package: epstopdf-base 2010/02/09 v2.5 Base part for package epstopdf

(/usr/local/texlive/2011/texmf-dist/tex/latex/oberdiek/grfext.sty
Package: grfext 2010/08/19 v1.1 Managing graphics extensions (HO)

(/usr/local/texlive/2011/texmf-dist/tex/generic/oberdiek/kvdefinekeys.sty
Package: kvdefinekeys 2011/04/07 v1.3 Defining keys (HO)
))
Package grfext Info: Graphics extension search list:
(grfext)             [.png,.pdf,.jpg,.mps,.jpeg,.jbig2,.jb2,.PNG,.PDF,.JPG,.JPE
G,.JBIG2,.JB2,.eps]
(grfext)             \AppendGraphicsExtensions on input line 452.

(/usr/local/texlive/2011/texmf-dist/tex/latex/latexconfig/epstopdf-sys.cfg
File: epstopdf-sys.cfg 2010/07/13 v1.3 Configuration of (r)epstopdf for TeX Liv
e
))
(./title.tex <leaf_sketch.jpg, id=1, 304.9794pt x 307.8702pt>
File: leaf_sketch.jpg Graphic file (type jpg)

<use leaf_sketch.jpg>
Package pdftex.def Info: leaf_sketch.jpg used on input line 15.
(pdftex.def)             Requested size: 341.0pt x 344.23914pt.
 [1


{/usr/local/texlive/2011/texmf-var/fonts/map/pdftex/updmap/pdftex.map} <./leaf_
sketch.jpg>] [2

])
LaTeX Font Info:    External font `cmex10' loaded for size
(Font)              <7> on input line 18.
LaTeX Font Info:    External font `cmex10' loaded for size
(Font)              <5> on input line 18.
 (./Book.toc [1]
Overfull \hbox (9.38956pt too wide) in paragraph at lines 54--54
 [][] []\T1/qcs/b/n/10 Henry An-der-son Brum-field's Broth-ers and Step-broth-e
rs dur- 
 []

) (./ack/ack.tex <carrie.jpg, id=15, 226.9278pt x 296.307pt>
File: carrie.jpg Graphic file (type jpg)
 <use carrie.jpg>
Package pdftex.def Info: carrie.jpg used on input line 8.
(pdftex.def)             Requested size: 238.69896pt x 311.68312pt.


LaTeX Warning: `h' float specifier changed to `ht'.


Underfull \vbox (badness 10000) has occurred while \output is active []

 [2]
Underfull \vbox (badness 10000) has occurred while \output is active []

 [3 <./carrie.jpg>]) (./preface/preface.tex [4])
Underfull \vbox (badness 10000) has occurred while \output is active []

 [5

]
[6

] (./chap1/chap1.tex <henry.jpg, id=32, 323.0469pt x 380.1402pt>
File: henry.jpg Graphic file (type jpg)

<use henry.jpg>
Package pdftex.def Info: henry.jpg used on input line 19.
(pdftex.def)             Requested size: 306.89792pt x 361.14853pt.


LaTeX Warning: `h' float specifier changed to `ht'.

<julia.jpg, id=33, 314.3745pt x 375.0813pt>
File: julia.jpg Graphic file (type jpg)
 <use julia.jpg>
Package pdftex.def Info: julia.jpg used on input line 32.
(pdftex.def)             Requested size: 306.89792pt x 366.19214pt.


LaTeX Warning: `h' float specifier changed to `ht'.


Underfull \vbox (badness 10000) has occurred while \output is active []

 [1

]
[2 <./henry.jpg>]
Underfull \vbox (badness 7963) has occurred while \output is active []

 [3 <./julia.jpg>] <three_ships.jpg, id=44, 430.7292pt x 139.4811pt>
File: three_ships.jpg Graphic file (type jpg)
 <use three_ships.jpg>
Package pdftex.def Info: three_ships.jpg used on input line 61.
(pdftex.def)             Requested size: 306.89792pt x 99.38342pt.

Overfull \hbox (3.0599pt too wide) in paragraph at lines 74--75
\T1/qcs/m/n/10 Ancestors of Henry An-der-son Brum-field and Ju-lia Ann Cradock 
were among
 []


Overfull \hbox (9.14993pt too wide) in paragraph at lines 74--75
\T1/qcs/m/n/10 the early set-tlers of Vir-ginia. The names BRUM-FIELD, CRAD-DOC
K, KEEL-
 []


Underfull \vbox (badness 2591) has occurred while \output is active []

 [4 <./three_ships.jpg>]
LaTeX Font Info:    Try loading font information for OMS+qcs on input line 103.

LaTeX Font Info:    No file OMSqcs.fd. on input line 103.


LaTeX Font Warning: Font shape `OMS/qcs/m/n' undefined
(Font)              using `OMS/cmsy/m/n' instead
(Font)              for symbol `textasteriskcentered' on input line 103.


Underfull \vbox (badness 10000) has occurred while \output is active []

 [5]
[6] <boy_with_backpack.jpg, id=56, 387.3672pt x 132.9768pt>
File: boy_with_backpack.jpg Graphic file (type jpg)

<use boy_with_backpack.jpg>
Package pdftex.def Info: boy_with_backpack.jpg used on input line 182.
(pdftex.def)             Requested size: 306.89792pt x 105.35893pt.
 [7 <./boy_with_backpack.jpg>]
<henry_uniform.jpg, id=60, 234.8775pt x 302.0886pt>
File: henry_uniform.jpg Graphic file (type jpg)
 <use henry_uniform.jpg>
Package pdftex.def Info: henry_uniform.jpg used on input line 223.
(pdftex.def)             Requested size: 306.89792pt x 394.72025pt.


LaTeX Warning: `h' float specifier changed to `ht'.

[8]
Underfull \vbox (badness 10000) has occurred while \output is active []

 [9 <./henry_uniform.jpg>] [10] [11] [12]
Underfull \vbox (badness 10000) has occurred while \output is active []

 [13]
<wagon_and_team.jpg, id=81, 319.4334pt x 65.043pt>
File: wagon_and_team.jpg Graphic file (type jpg)
 <use wagon_and_team.jpg>
Package pdftex.def Info: wagon_and_team.jpg used on input line 368.
(pdftex.def)             Requested size: 306.89792pt x 62.49515pt.

[14 <./wagon_and_team.jpg>]
Overfull \hbox (65.09988pt too wide) in paragraph at lines 404--424
[] 
 []


Underfull \vbox (badness 10000) has occurred while \output is active []



Class memoir Warning: The material used in the headers is too large
(12.68504pt) for the given head height (12.0pt), it is recommended to
either increase the head height or redesign the header
(in both cases you will find help in the memoir manual). on input line 426.


Overfull \vbox (0.68504pt too high) has occurred while \output is active []


[15] [16] <house_photo_1970.jpg, id=91, 222.5916pt x 221.50755pt>
File: house_photo_1970.jpg Graphic file (type jpg)

<use house_photo_1970.jpg>
Package pdftex.def Info: house_photo_1970.jpg used on input line 453.
(pdftex.def)             Requested size: 306.89792pt x 305.44077pt.


LaTeX Warning: `h' float specifier changed to `ht'.


Underfull \vbox (badness 10000) has occurred while \output is active []

 [17]
Underfull \vbox (badness 10000) has occurred while \output is active []

 [18 <./house_photo_1970.jpg>] [19]
<house_photo_1920.jpg, id=102, 196.5744pt x 240.29774pt>
File: house_photo_1920.jpg Graphic file (type jpg)

<use house_photo_1920.jpg>
Package pdftex.def Info: house_photo_1920.jpg used on input line 523.
(pdftex.def)             Requested size: 306.89792pt x 375.17828pt.

Underfull \vbox (badness 10000) has occurred while \output is active []

 [20 <./house_photo_1920.jpg>] [21] <smokehouse.jpg, id=109, 320.1561pt x 140.5
6516pt>
File: smokehouse.jpg Graphic file (type jpg)

<use smokehouse.jpg>
Package pdftex.def Info: smokehouse.jpg used on input line 569.
(pdftex.def)             Requested size: 306.89792pt x 134.75655pt.

<second_floor_diagram.jpg, id=110, 335.3328pt x 351.9549pt>
File: second_floor_diagram.jpg Graphic file (type jpg)

<use second_floor_diagram.jpg>
Package pdftex.def Info: second_floor_diagram.jpg used on input line 579.
(pdftex.def)             Requested size: 306.89792pt x 322.12688pt.


LaTeX Warning: `h' float specifier changed to `ht'.

[22 <./smokehouse.jpg>]
Underfull \vbox (badness 10000) has occurred while \output is active []

 [23 <./second_floor_diagram.jpg>]
<girl_in_parlor_with_cow_painting.jpg, id=118, 320.8788pt x 155.01915pt>
File: girl_in_parlor_with_cow_painting.jpg Graphic file (type jpg)

<use girl_in_parlor_with_cow_painting.jpg>
Package pdftex.def Info: girl_in_parlor_with_cow_painting.jpg used on input lin
e 612.
(pdftex.def)             Requested size: 306.89792pt x 148.26555pt.
 [24 <./girl_in_parlor_with_cow_painting.jpg>] <ground_floor_diagram.jpg, id=12
2, 339.669pt x 295.5843pt>
File: ground_floor_diagram.jpg Graphic file (type jpg)

<use ground_floor_diagram.jpg>
Package pdftex.def Info: ground_floor_diagram.jpg used on input line 648.
(pdftex.def)             Requested size: 306.89792pt x 267.0743pt.


LaTeX Warning: `h' float specifier changed to `ht'.


Underfull \vbox (badness 10000) has occurred while \output is active []

 [25]
[26 <./ground_floor_diagram.jpg>]
Underfull \vbox (badness 10000) has occurred while \output is active []

 [27]
<kitchen.jpg, id=132, 338.2236pt x 170.5572pt>
File: kitchen.jpg Graphic file (type jpg)
 <use kitchen.jpg>
Package pdftex.def Info: kitchen.jpg used on input line 726.
(pdftex.def)             Requested size: 306.89792pt x 154.76225pt.


LaTeX Warning: `h' float specifier changed to `ht'.

[28]
Underfull \vbox (badness 10000) has occurred while \output is active []

 [29 <./kitchen.jpg>] [30] <coffin_chair.jpg, id=143, 273.1806pt x 145.9854pt>
File: coffin_chair.jpg Graphic file (type jpg)

<use coffin_chair.jpg>
Package pdftex.def Info: coffin_chair.jpg used on input line 781.
(pdftex.def)             Requested size: 306.89792pt x 164.01707pt.

<diagram_of_farm_rot_90.jpg, id=144, 446.6286pt x 659.8251pt>
File: diagram_of_farm_rot_90.jpg Graphic file (type jpg)

<use diagram_of_farm_rot_90.jpg>
Package pdftex.def Info: diagram_of_farm_rot_90.jpg used on input line 793.
(pdftex.def)             Requested size: 306.89792pt x 453.38701pt.


LaTeX Warning: `h' float specifier changed to `ht'.

[31 <./coffin_chair.jpg>] [32 <./diagram_of_farm_rot_90.jpg>] [33] [34]
<spring_area.jpg, id=157, 433.62pt x 283.2984pt>
File: spring_area.jpg Graphic file (type jpg)
 <use spring_area.jpg>
Package pdftex.def Info: spring_area.jpg used on input line 872.
(pdftex.def)             Requested size: 306.89792pt x 200.51646pt.


LaTeX Warning: `h' float specifier changed to `ht'.

[35] [36 <./spring_area.jpg>] [37] [38]
<farm_buildings.jpg, id=171, 389.5353pt x 153.2124pt>
File: farm_buildings.jpg Graphic file (type jpg)
 <use farm_buildings.jpg>
Package pdftex.def Info: farm_buildings.jpg used on input line 971.
(pdftex.def)             Requested size: 306.89792pt x 120.70915pt.

[39 <./farm_buildings.jpg>] <curing_barn.jpg, id=175, 390.9807pt x 256.5585pt>
File: curing_barn.jpg Graphic file (type jpg)

<use curing_barn.jpg>
Package pdftex.def Info: curing_barn.jpg used on input line 1002.
(pdftex.def)             Requested size: 306.89792pt x 201.38712pt.
 [40 <./curing_barn.jpg>]
<stripping_barn.jpg, id=179, 437.9562pt x 164.0529pt>
File: stripping_barn.jpg Graphic file (type jpg)
 <use stripping_barn.jpg>
Package pdftex.def Info: stripping_barn.jpg used on input line 1027.
(pdftex.def)             Requested size: 306.89792pt x 114.9639pt.

[41 <./stripping_barn.jpg>]
Underfull \vbox (badness 10000) has occurred while \output is active []

 [42]
Overfull \hbox (15.05986pt too wide) in paragraph at lines 1075--1076
\T1/qcs/m/n/10 had much to do with the price re-ceived. Strip-ping and grad-ing
 was monotonous
 []

<covered_wagon.jpg, id=187, 337.5009pt x 83.8332pt>
File: covered_wagon.jpg Graphic file (type jpg)
 <use covered_wagon.jpg>
Package pdftex.def Info: covered_wagon.jpg used on input line 1082.
(pdftex.def)             Requested size: 306.89792pt x 76.23074pt.

[43 <./covered_wagon.jpg>] [44] [45]
Underfull \vbox (badness 10000) has occurred while \output is active []

 [46]
[47] <woman_fishing.jpg, id=205, 483.4863pt x 122.1363pt>
File: woman_fishing.jpg Graphic file (type jpg)

<use woman_fishing.jpg>
Package pdftex.def Info: woman_fishing.jpg used on input line 1198.
(pdftex.def)             Requested size: 306.89792pt x 77.52959pt.

Underfull \vbox (badness 10000) has occurred while \output is active []

 [48 <./woman_fishing.jpg>] <renan_store_sketch.jpg, id=209, 496.4949pt x 167.6
664pt>
File: renan_store_sketch.jpg Graphic file (type jpg)

<use renan_store_sketch.jpg>
Package pdftex.def Info: renan_store_sketch.jpg used on input line 1227.
(pdftex.def)             Requested size: 306.89792pt x 103.64252pt.


LaTeX Warning: `h' float specifier changed to `ht'.

[49] [50 <./renan_store_sketch.jpg>]
<shack_photo.jpg, id=216, 464.6961pt x 308.5929pt>
File: shack_photo.jpg Graphic file (type jpg)
 <use shack_photo.jpg>
Package pdftex.def Info: shack_photo.jpg used on input line 1244.
(pdftex.def)             Requested size: 306.89792pt x 203.80377pt.

[51 <./shack_photo.jpg>]
<renan_map_rot_90.jpg, id=220, 453.8556pt x 664.1613pt>
File: renan_map_rot_90.jpg Graphic file (type jpg)

<use renan_map_rot_90.jpg>
Package pdftex.def Info: renan_map_rot_90.jpg used on input line 1289.
(pdftex.def)             Requested size: 341.0pt x 499.0217pt.
 <family_photo.jpg, id=221, 435.0654pt x 331.7193pt>
File: family_photo.jpg Graphic file (type jpg)

<use family_photo.jpg>
Package pdftex.def Info: family_photo.jpg used on input line 1296.
(pdftex.def)             Requested size: 341.0pt x 259.99529pt.
) (./chap2/chap2.tex [52] [53 <./renan_map_rot_90.jpg>]
[54 <./family_photo.jpg>]) (./apdx/benstale.tex [55

] [56

]
Underfull \vbox (badness 10000) has occurred while \output is active []

 [57]
Underfull \vbox (badness 10000) has occurred while \output is active []

 [58])
(./apdx/mollyletter.tex [59] [60

]) (./apdx/juby.tex [61] [62

]
Underfull \vbox (badness 10000) has occurred while \output is active []

 [63])
(./apdx/civilwarhenry.tex [64]) (./apdx/civilwarbrothers.tex [65

] [66

])
(./apdx/bibliography.tex [67] [68

])
No file Book.bbl.
[69] [70

]

Class memoir Warning: The material used in the headers is too large
(12.68504pt) for the given head height (12.0pt), it is recommended to
either increase the head height or redesign the header
(in both cases you will find help in the memoir manual). on input line 43.

\tf@toc=\write4
\openout4 = `Book.toc'.

(./Book.aux)

LaTeX Font Warning: Some font shapes were not available, defaults substituted.


LaTeX Warning: There were multiply-defined labels.

 ) 
Here is how much of TeX's memory you used:
 5252 strings out of 493633
 71939 string characters out of 3143378
 158384 words of memory out of 3000000
 8471 multiletter control sequences out of 15000+200000
 36040 words of font info for 27 fonts, out of 3000000 for 9000
 831 hyphenation exceptions out of 8191
 43i,11n,23p,1445b,261s stack positions out of 5000i,500n,10000p,200000b,50000s
{/usr/local/texlive/2011/texmf-dist/fonts/enc/dvips/tex-gyre/q-ec.enc}{/usr/l
ocal/texlive/2011/texmf-dist/fonts/enc/dvips/tex-gyre/q-ec-sc.enc}</usr/local/t
exlive/2011/texmf-dist/fonts/type1/public/amsfonts/cm/cmsy10.pfb></usr/local/te
xlive/2011/texmf-dist/fonts/type1/public/tex-gyre/qcsb.pfb></usr/local/texlive/
2011/texmf-dist/fonts/type1/public/tex-gyre/qcsr.pfb></usr/local/texlive/2011/t
exmf-dist/fonts/type1/public/tex-gyre/qcsri.pfb>
Output written on Book.pdf (78 pages, 7550537 bytes).
PDF statistics:
 303 PDF objects out of 1000 (max. 8388607)
 190 compressed objects within 2 object streams
 0 named destinations out of 1000 (max. 500000)
 136 words of extra memory for PDF output out of 10000 (max. 10000000)

